 WARN  Unsupported engine: wanted: {"node":"20.x"} (current: {"node":"v22.22.1","pnpm":"10.30.3"})

> rest-express@1.0.0 dev /app
> cross-env NODE_ENV=development tsx server/index.ts


node:internal/modules/run_main:123
    triggerUncaughtException(
    ^
Error [TransformError]: Transform failed with 1 error:
/app/server/index.ts:14:36: ERROR: Syntax error '"'
    at failureErrorWithLog (/app/node_modules/.pnpm/esbuild@0.27.7/node_modules/esbuild/lib/main.js:1748:15)
    at /app/node_modules/.pnpm/esbuild@0.27.7/node_modules/esbuild/lib/main.js:1017:50
    at responseCallbacks.<computed> (/app/node_modules/.pnpm/esbuild@0.27.7/node_modules/esbuild/lib/main.js:884:9)
    at handleIncomingPacket (/app/node_modules/.pnpm/esbuild@0.27.7/node_modules/esbuild/lib/main.js:939:12)
    at Socket.readFromStdout (/app/node_modules/.pnpm/esbuild@0.27.7/node_modules/esbuild/lib/main.js:862:7)
    at Socket.emit (node:events:519:28)
    at addChunk (node:internal/streams/readable:561:12)
    at readableAddChunkPushByteMode (node:internal/streams/readable:512:3)
    at Readable.push (node:internal/streams/readable:392:5)
    at Pipe.onStreamRead (node:internal/stream_base_commons:189:23)

Node.js v22.22.1
 ELIFECYCLE  Command failed with exit code 1.
