{"timestamp":"2025-10-02T12:56:54.689Z","level":"error","message":"Registration error","meta":{"error":"[\n  {\n    \"code\": \"invalid_type\",\n    \"expected\": \"string\",\n    \"received\": \"undefined\",\n    \"path\": [\n      \"email\"\n    ],\n    \"message\": \"Required\"\n  },\n  {\n    \"code\": \"invalid_type\",\n    \"expected\": \"string\",\n    \"received\": \"undefined\",\n    \"path\": [\n      \"firstName\"\n    ],\n    \"message\": \"Required\"\n  },\n  {\n    \"code\": \"invalid_type\",\n    \"expected\": \"string\",\n    \"received\": \"undefined\",\n    \"path\": [\n      \"lastName\"\n    ],\n    \"message\": \"Required\"\n  },\n  {\n    \"code\": \"invalid_type\",\n    \"expected\": \"string\",\n    \"received\": \"undefined\",\n    \"path\": [\n      \"password\"\n    ],\n    \"message\": \"Required\"\n  }\n]"}}
{"timestamp":"2025-10-02T12:56:54.701Z","level":"info","message":"User registered successfully","meta":{"userId":"1","email":"test@example.com"}}
{"timestamp":"2025-10-02T12:56:54.707Z","level":"warn","message":"Registration attempt with existing email","meta":{"email":"existing@example.com"}}
{"timestamp":"2025-10-02T12:56:54.713Z","level":"warn","message":"Login attempt with invalid password","meta":{"email":"test@example.com"}}
{"timestamp":"2025-10-02T12:56:54.725Z","level":"warn","message":"Login attempt with non-existent email","meta":{"email":"wrong@example.com"}}
{"timestamp":"2025-10-02T12:57:28.926Z","level":"error","message":"Registration error","meta":{"error":"[\n  {\n    \"code\": \"invalid_type\",\n    \"expected\": \"string\",\n    \"received\": \"undefined\",\n    \"path\": [\n      \"email\"\n    ],\n    \"message\": \"Required\"\n  },\n  {\n    \"code\": \"invalid_type\",\n    \"expected\": \"string\",\n    \"received\": \"undefined\",\n    \"path\": [\n      \"firstName\"\n    ],\n    \"message\": \"Required\"\n  },\n  {\n    \"code\": \"invalid_type\",\n    \"expected\": \"string\",\n    \"received\": \"undefined\",\n    \"path\": [\n      \"lastName\"\n    ],\n    \"message\": \"Required\"\n  },\n  {\n    \"code\": \"invalid_type\",\n    \"expected\": \"string\",\n    \"received\": \"undefined\",\n    \"path\": [\n      \"password\"\n    ],\n    \"message\": \"Required\"\n  }\n]"}}
{"timestamp":"2025-10-02T12:57:28.941Z","level":"info","message":"User registered successfully","meta":{"userId":"1","email":"test@example.com"}}
{"timestamp":"2025-10-02T12:57:28.947Z","level":"warn","message":"Registration attempt with existing email","meta":{"email":"existing@example.com"}}
{"timestamp":"2025-10-02T12:57:28.952Z","level":"warn","message":"Login attempt with invalid password","meta":{"email":"test@example.com"}}
{"timestamp":"2025-10-02T12:57:28.963Z","level":"warn","message":"Login attempt with non-existent email","meta":{"email":"wrong@example.com"}}
{"timestamp":"2025-10-02T12:59:27.388Z","level":"error","message":"Registration error","meta":{"error":"[\n  {\n    \"code\": \"invalid_type\",\n    \"expected\": \"string\",\n    \"received\": \"undefined\",\n    \"path\": [\n      \"email\"\n    ],\n    \"message\": \"Required\"\n  },\n  {\n    \"code\": \"invalid_type\",\n    \"expected\": \"string\",\n    \"received\": \"undefined\",\n    \"path\": [\n      \"firstName\"\n    ],\n    \"message\": \"Required\"\n  },\n  {\n    \"code\": \"invalid_type\",\n    \"expected\": \"string\",\n    \"received\": \"undefined\",\n    \"path\": [\n      \"lastName\"\n    ],\n    \"message\": \"Required\"\n  },\n  {\n    \"code\": \"invalid_type\",\n    \"expected\": \"string\",\n    \"received\": \"undefined\",\n    \"path\": [\n      \"password\"\n    ],\n    \"message\": \"Required\"\n  }\n]"}}
{"timestamp":"2025-10-02T12:59:27.400Z","level":"info","message":"User registered successfully","meta":{"userId":"1","email":"test@example.com"}}
{"timestamp":"2025-10-02T12:59:27.407Z","level":"warn","message":"Registration attempt with existing email","meta":{"email":"existing@example.com"}}
{"timestamp":"2025-10-02T12:59:27.415Z","level":"warn","message":"Login attempt with invalid password","meta":{"email":"test@example.com"}}
{"timestamp":"2025-10-02T12:59:27.425Z","level":"warn","message":"Login attempt with non-existent email","meta":{"email":"wrong@example.com"}}
{"timestamp":"2025-10-02T13:01:01.286Z","level":"error","message":"Registration error","meta":{"error":"[\n  {\n    \"code\": \"invalid_type\",\n    \"expected\": \"string\",\n    \"received\": \"undefined\",\n    \"path\": [\n      \"email\"\n    ],\n    \"message\": \"Required\"\n  },\n  {\n    \"code\": \"invalid_type\",\n    \"expected\": \"string\",\n    \"received\": \"undefined\",\n    \"path\": [\n      \"firstName\"\n    ],\n    \"message\": \"Required\"\n  },\n  {\n    \"code\": \"invalid_type\",\n    \"expected\": \"string\",\n    \"received\": \"undefined\",\n    \"path\": [\n      \"lastName\"\n    ],\n    \"message\": \"Required\"\n  },\n  {\n    \"code\": \"invalid_type\",\n    \"expected\": \"string\",\n    \"received\": \"undefined\",\n    \"path\": [\n      \"password\"\n    ],\n    \"message\": \"Required\"\n  }\n]"}}
{"timestamp":"2025-10-02T13:01:01.301Z","level":"info","message":"User registered successfully","meta":{"userId":"1","email":"test@example.com"}}
{"timestamp":"2025-10-02T13:01:01.307Z","level":"warn","message":"Registration attempt with existing email","meta":{"email":"existing@example.com"}}
{"timestamp":"2025-10-02T13:01:01.313Z","level":"info","message":"User logged in successfully","meta":{"email":"test@example.com"}}
{"timestamp":"2025-10-02T13:01:01.318Z","level":"warn","message":"Login attempt with non-existent email","meta":{"email":"wrong@example.com"}}
