{"timestamp":"2025-10-08T12:12:24.810Z","level":"info","message":"Server started on port 3000"}
{"timestamp":"2025-10-08T13:02:43.012Z","level":"error","message":"Login error","meta":{"error":"jwtAny.sign is not a function"}}
{"timestamp":"2025-10-08T13:02:43.033Z","level":"info","message":"[m3c99wtl] POST /api/auth/login 500 in 829ms :: {\"error\":\"Internal server error\"}"}
{"timestamp":"2025-10-08T13:02:45.426Z","level":"error","message":"Login error","meta":{"error":"jwtAny.sign is not a function"}}
{"timestamp":"2025-10-08T13:02:45.437Z","level":"info","message":"[0ui3xr19] POST /api/auth/login 500 in 307ms :: {\"error\":\"Internal server error\"}"}
{"timestamp":"2025-10-08T13:02:48.042Z","level":"error","message":"Login error","meta":{"error":"jwtAny.sign is not a function"}}
{"timestamp":"2025-10-08T13:02:48.055Z","level":"info","message":"[97khaa6c] POST /api/auth/login 500 in 372ms :: {\"error\":\"Internal server error\"}"}
{"timestamp":"2025-10-08T13:07:11.261Z","level":"error","message":"Login error","meta":{"error":"jwtAny.sign is not a function"}}
{"timestamp":"2025-10-08T13:07:11.262Z","level":"info","message":"[rm5jrdzw] POST /api/auth/login 500 in 212ms :: {\"error\":\"Internal server error\"}"}
{"timestamp":"2025-10-08T13:07:12.889Z","level":"error","message":"Login error","meta":{"error":"jwtAny.sign is not a function"}}
{"timestamp":"2025-10-08T13:07:12.893Z","level":"info","message":"[laa922tj] POST /api/auth/login 500 in 212ms :: {\"error\":\"Internal server error\"}"}
{"timestamp":"2025-10-08T13:09:39.032Z","level":"error","message":"Login error","meta":{"error":"jwtAny.sign is not a function"}}
{"timestamp":"2025-10-08T13:09:39.047Z","level":"info","message":"[3zlbpg0l] POST /api/auth/login 500 in 1548ms :: {\"error\":\"Internal server error\"}"}
{"timestamp":"2025-10-08T13:09:41.255Z","level":"error","message":"Login error","meta":{"error":"jwtAny.sign is not a function"}}
{"timestamp":"2025-10-08T13:09:41.266Z","level":"info","message":"[vxj4s86m] POST /api/auth/login 500 in 950ms :: {\"error\":\"Internal server error\"}"}
{"timestamp":"2025-10-08T13:12:41.257Z","level":"error","message":"Login error","meta":{"error":"jwtAny.sign is not a function"}}
{"timestamp":"2025-10-08T13:12:41.289Z","level":"info","message":"[awussd0m] POST /api/auth/login 500 in 1691ms :: {\"error\":\"Internal server error\"}"}
{"timestamp":"2025-10-08T13:12:43.385Z","level":"error","message":"Login error","meta":{"error":"jwtAny.sign is not a function"}}
{"timestamp":"2025-10-08T13:12:43.408Z","level":"info","message":"[xky97iwa] POST /api/auth/login 500 in 953ms :: {\"error\":\"Internal server error\"}"}
{"timestamp":"2025-10-08T13:20:23.565Z","level":"error","message":"Login error","meta":{"error":"jwtAny.sign is not a function"}}
{"timestamp":"2025-10-08T13:20:23.570Z","level":"info","message":"[b566semj] POST /api/auth/login 500 in 275ms :: {\"error\":\"Internal server error\"}"}
{"timestamp":"2025-10-08T13:21:59.984Z","level":"info","message":"Server started on port 5000"}
{"timestamp":"2025-10-08T13:22:25.545Z","level":"error","message":"Login error","meta":{"error":"jwtAny.sign is not a function"}}
{"timestamp":"2025-10-08T13:22:25.552Z","level":"info","message":"[ncgrkgvz] POST /api/auth/login 500 in 338ms :: {\"error\":\"Internal server error\"}"}
{"timestamp":"2025-10-08T18:27:13.757Z","level":"info","message":"Server started on port 3000"}
{"timestamp":"2025-10-08T21:03:10.825Z","level":"info","message":"Server started on port 3000"}
