{"timestamp":"2025-10-04T09:55:37.348Z","level":"info","message":"Starting database migration..."}
{"timestamp":"2025-10-04T09:55:37.388Z","level":"info","message":"Running migrations..."}
{"timestamp":"2025-10-04T09:55:37.398Z","level":"error","message":"Migration failed","meta":{"error":"Can't find meta/_journal.json file"}}
{"timestamp":"2025-10-04T09:59:42.897Z","level":"info","message":"Starting database migration..."}
{"timestamp":"2025-10-04T09:59:42.905Z","level":"info","message":"Running migrations..."}
{"timestamp":"2025-10-04T09:59:42.908Z","level":"error","message":"Migration failed","meta":{"error":"Can't find meta/_journal.json file"}}
{"timestamp":"2025-10-04T10:01:21.277Z","level":"info","message":"Starting database migration..."}
{"timestamp":"2025-10-04T10:01:21.288Z","level":"info","message":"Running migrations..."}
{"timestamp":"2025-10-04T10:01:22.372Z","level":"info","message":"Migrations completed successfully"}
{"timestamp":"2025-10-04T10:12:20.335Z","level":"info","message":"Server started on port 3000"}
{"timestamp":"2025-10-04T12:06:14.590Z","level":"info","message":"Server started on port 3000"}
{"timestamp":"2025-10-04T12:10:49.232Z","level":"info","message":"Server started on port 3000"}
{"timestamp":"2025-10-04T16:08:45.532Z","level":"info","message":"Server started on port 3000"}
{"timestamp":"2025-10-04T16:14:13.138Z","level":"info","message":"Server started on port 3000"}
{"timestamp":"2025-10-04T17:13:33.680Z","level":"info","message":"Server started on port 3000"}
{"timestamp":"2025-10-04T18:32:05.472Z","level":"info","message":"Server started on port 3000"}
{"timestamp":"2025-10-04T18:33:17.750Z","level":"info","message":"Server started on port 3000"}
{"timestamp":"2025-10-04T18:33:59.975Z","level":"info","message":"Server started on port 3000"}
{"timestamp":"2025-10-04T20:21:00.804Z","level":"info","message":"Server started on port 3000"}
{"timestamp":"2025-10-04T20:25:24.961Z","level":"info","message":"Server started on port 3000"}
{"timestamp":"2025-10-04T20:32:04.012Z","level":"info","message":"Server started on port 3000"}
{"timestamp":"2025-10-04T20:32:36.362Z","level":"info","message":"Server started on port 3000"}
{"timestamp":"2025-10-04T20:33:27.017Z","level":"info","message":"Redis configuration loaded","meta":{"redisConfig":{"host":"localhost","port":6379,"db":0}}}
{"timestamp":"2025-10-04T20:33:27.086Z","level":"info","message":"Server started on port 3000"}
{"timestamp":"2025-10-04T20:40:35.516Z","level":"info","message":"Redis configuration loaded","meta":{"redisConfig":{"host":"localhost","port":6379,"db":0}}}
{"timestamp":"2025-10-04T20:40:35.544Z","level":"info","message":"Server started on port 3000"}
{"timestamp":"2025-10-04T20:50:58.666Z","level":"info","message":"Redis configuration loaded","meta":{"redisConfig":{"host":"localhost","port":6379,"db":0}}}
{"timestamp":"2025-10-04T20:50:58.883Z","level":"info","message":"Server started on port 3000"}
{"timestamp":"2025-10-04T20:53:31.077Z","level":"info","message":"Redis configuration loaded","meta":{"redisConfig":{"host":"localhost","port":6379,"db":0}}}
{"timestamp":"2025-10-04T20:53:31.106Z","level":"info","message":"Server started on port 3000"}
{"timestamp":"2025-10-04T20:53:44.153Z","level":"info","message":"Redis configuration loaded","meta":{"redisConfig":{"host":"localhost","port":6379,"db":0}}}
{"timestamp":"2025-10-04T20:53:44.179Z","level":"info","message":"Server started on port 3000"}
{"timestamp":"2025-10-04T20:54:58.904Z","level":"info","message":"Redis configuration loaded","meta":{"redisConfig":{"host":"localhost","port":6379,"db":0}}}
{"timestamp":"2025-10-04T20:54:59.096Z","level":"info","message":"Server started on port 3000"}
{"timestamp":"2025-10-04T20:55:46.477Z","level":"info","message":"Redis configuration loaded","meta":{"redisConfig":{"host":"localhost","port":6379,"db":0}}}
{"timestamp":"2025-10-04T20:55:46.670Z","level":"info","message":"Server started on port 3000"}
{"timestamp":"2025-10-04T20:56:30.758Z","level":"info","message":"Redis configuration loaded","meta":{"redisConfig":{"host":"localhost","port":6379,"db":0}}}
{"timestamp":"2025-10-04T20:56:30.818Z","level":"info","message":"Server started on port 3000"}
{"timestamp":"2025-10-04T21:01:23.628Z","level":"info","message":"Redis configuration loaded","meta":{"redisConfig":{"host":"localhost","port":6379,"db":0}}}
{"timestamp":"2025-10-04T21:01:23.734Z","level":"info","message":"Server started on port 3000"}
{"timestamp":"2025-10-04T21:02:21.460Z","level":"info","message":"Server started on port 3000"}
{"timestamp":"2025-10-04T21:16:34.304Z","level":"info","message":"Server started on port 3000"}
{"timestamp":"2025-10-04T21:18:37.431Z","level":"error","message":"Unhandled error","meta":{"message":"Bad escaped character in JSON at position 9 (line 1 column 10)","stack":"SyntaxError: Bad escaped character in JSON at position 9 (line 1 column 10)\n    at JSON.parse (<anonymous>)\n    at parse (C:\\Users\\lanry\\Desktop\\NollyCrewHub\\node_modules\\body-parser\\lib\\types\\json.js:92:19)\n    at C:\\Users\\lanry\\Desktop\\NollyCrewHub\\node_modules\\body-parser\\lib\\read.js:128:18\n    at AsyncResource.runInAsyncScope (node:async_hooks:214:14)\n    at invokeCallback (C:\\Users\\lanry\\Desktop\\NollyCrewHub\\node_modules\\raw-body\\index.js:238:16)\n    at done (C:\\Users\\lanry\\Desktop\\NollyCrewHub\\node_modules\\raw-body\\index.js:227:7)\n    at IncomingMessage.onEnd (C:\\Users\\lanry\\Desktop\\NollyCrewHub\\node_modules\\raw-body\\index.js:287:7)\n    at IncomingMessage.emit (node:events:518:28)\n    at endReadableNT (node:internal/streams/readable:1698:12)\n    at process.processTicksAndRejections (node:internal/process/task_queues:90:21)","url":"/api/auth/register","method":"POST","userAgent":"Mozilla/5.0 (Windows NT; Windows NT 10.0; en-US) WindowsPowerShell/5.1.26100.6584","ip":"127.0.0.1"}}
{"timestamp":"2025-10-04T21:20:07.264Z","level":"info","message":"Starting database migration..."}
{"timestamp":"2025-10-04T21:20:07.271Z","level":"info","message":"Running migrations..."}
{"timestamp":"2025-10-04T21:20:07.595Z","level":"info","message":"Migrations completed successfully"}
{"timestamp":"2025-10-04T21:31:13.138Z","level":"info","message":"Server started on port 3000"}
{"timestamp":"2025-10-04T22:37:14.164Z","level":"error","message":"Login error","meta":{"error":"jwt.sign is not a function"}}
{"timestamp":"2025-10-04T22:37:14.177Z","level":"info","message":"[6iwton7w] POST /api/auth/login 500 in 589ms :: {\"error\":\"Internal server error\"}"}
{"timestamp":"2025-10-04T22:40:34.380Z","level":"info","message":"Server started on port 3000"}
{"timestamp":"2025-10-04T22:40:53.992Z","level":"error","message":"Login error","meta":{"error":"jwt.sign is not a function"}}
{"timestamp":"2025-10-04T22:40:54.006Z","level":"info","message":"[64yvf8yd] POST /api/auth/login 500 in 374ms :: {\"error\":\"Internal server error\"}"}
{"timestamp":"2025-10-04T22:42:16.479Z","level":"info","message":"Server started on port 3000"}
{"timestamp":"2025-10-04T22:42:56.182Z","level":"info","message":"User logged in successfully","meta":{"userId":"30328982-4d8c-4275-874f-0ce33f9d8af3","email":"test@example.com"}}
{"timestamp":"2025-10-04T22:42:56.195Z","level":"info","message":"[yq9adluz] POST /api/auth/login 200 in 380ms :: {\"user\":{\"id\":\"30328982-4d8c-4275-874f-0ce…"}
{"timestamp":"2025-10-04T22:43:16.083Z","level":"info","message":"User registered successfully","meta":{"userId":"e0c977c1-3bef-4d06-ade9-a7464975d010","email":"test3@example.com"}}
{"timestamp":"2025-10-04T22:43:16.090Z","level":"info","message":"[zszf2ut9] POST /api/auth/register 201 in 371ms :: {\"user\":{\"id\":\"e0c977c1-3bef-4d06-ade9-…"}
{"timestamp":"2025-10-04T22:53:14.339Z","level":"info","message":"[szvpl3em] POST /api/auth/login 429 in 14ms :: {\"error\":\"Too many requests\",\"message\":\"Rat…"}
{"timestamp":"2025-10-04T22:54:09.625Z","level":"info","message":"Server started on port 3000"}
