{"timestamp":"2026-05-02T00:29:10.320Z","level":"info","message":"Using MemStorage (In-memory storage)"}
{"timestamp":"2026-05-02T00:29:13.969Z","level":"info","message":"WebSocket server initialized"}
{"timestamp":"2026-05-02T00:29:14.033Z","level":"info","message":"Server started on port 5000"}
{"timestamp":"2026-05-02T09:47:06.607Z","level":"info","message":"Using MemStorage (In-memory storage)"}
{"timestamp":"2026-05-02T09:47:10.400Z","level":"info","message":"WebSocket server initialized"}
{"timestamp":"2026-05-02T09:47:10.740Z","level":"info","message":"Server started on port 5000"}
{"timestamp":"2026-05-02T09:53:57.215Z","level":"info","message":"Using MemStorage (In-memory storage)"}
{"timestamp":"2026-05-02T09:54:00.508Z","level":"info","message":"WebSocket server initialized"}
{"timestamp":"2026-05-02T09:54:00.711Z","level":"info","message":"Server started on port 5000"}
{"timestamp":"2026-05-02T12:42:38.532Z","level":"info","message":"Using MemStorage (In-memory storage)"}
{"timestamp":"2026-05-02T12:42:40.172Z","level":"info","message":"WebSocket server initialized"}
{"timestamp":"2026-05-02T12:42:40.318Z","level":"info","message":"Server started on port 5000"}
{"timestamp":"2026-05-02T15:56:59.419Z","level":"error","message":"Redis error:","meta":{"code":"ECONNREFUSED"}}
{"timestamp":"2026-05-02T15:56:59.964Z","level":"error","message":"Redis error:","meta":{"code":"ECONNREFUSED"}}
{"timestamp":"2026-05-02T15:57:00.242Z","level":"error","message":"Redis error:","meta":{"code":"ECONNREFUSED"}}
{"timestamp":"2026-05-02T15:57:22.008Z","level":"info","message":"Using MemStorage (In-memory storage)"}
{"timestamp":"2026-05-02T15:57:22.146Z","level":"info","message":"Using MemStorage (In-memory storage)"}
{"timestamp":"2026-05-02T15:57:35.363Z","level":"error","message":"Redis error:","meta":{"code":"ECONNREFUSED"}}
{"timestamp":"2026-05-02T15:57:35.481Z","level":"error","message":"Redis error:","meta":{"code":"ECONNREFUSED"}}
{"timestamp":"2026-05-02T15:57:35.492Z","level":"error","message":"Redis error:","meta":{"code":"ECONNREFUSED"}}
{"timestamp":"2026-05-02T15:57:35.542Z","level":"error","message":"Redis error:","meta":{"code":"ECONNREFUSED"}}
{"timestamp":"2026-05-02T15:57:36.444Z","level":"error","message":"Redis error:","meta":{"code":"ECONNREFUSED"}}
{"timestamp":"2026-05-02T15:57:36.442Z","level":"error","message":"Redis error:","meta":{"code":"ECONNREFUSED"}}
{"timestamp":"2026-05-02T15:57:36.450Z","level":"error","message":"Redis error:","meta":{"code":"ECONNREFUSED"}}
{"timestamp":"2026-05-02T15:57:39.468Z","level":"error","message":"Redis error:","meta":{"code":"ECONNREFUSED"}}
{"timestamp":"2026-05-02T15:57:39.484Z","level":"error","message":"Redis error:","meta":{"code":"ECONNREFUSED"}}
{"timestamp":"2026-05-02T15:57:39.485Z","level":"error","message":"Redis error:","meta":{"code":"ECONNREFUSED"}}
{"timestamp":"2026-05-02T15:57:39.530Z","level":"warn","message":"Redis connection failed, falling back to in-memory cache"}
{"timestamp":"2026-05-02T15:57:39.852Z","level":"error","message":"Redis error:","meta":{"code":"ECONNREFUSED"}}
{"timestamp":"2026-05-02T15:57:39.860Z","level":"warn","message":"Redis connection failed, falling back to in-memory cache"}
{"timestamp":"2026-05-02T15:57:39.881Z","level":"error","message":"Redis error:","meta":{"code":"ECONNREFUSED"}}
{"timestamp":"2026-05-02T15:57:39.938Z","level":"warn","message":"Redis connection failed, falling back to in-memory cache"}
{"timestamp":"2026-05-02T15:57:41.469Z","level":"error","message":"Registration error","meta":{"error":"[\n  {\n    \"code\": \"invalid_type\",\n    \"expected\": \"string\",\n    \"received\": \"undefined\",\n    \"path\": [\n      \"email\"\n    ],\n    \"message\": \"Required\"\n  },\n  {\n    \"code\": \"invalid_type\",\n    \"expected\": \"string\",\n    \"received\": \"undefined\",\n    \"path\": [\n      \"firstName\"\n    ],\n    \"message\": \"Required\"\n  },\n  {\n    \"code\": \"invalid_type\",\n    \"expected\": \"string\",\n    \"received\": \"undefined\",\n    \"path\": [\n      \"lastName\"\n    ],\n    \"message\": \"Required\"\n  },\n  {\n    \"code\": \"invalid_type\",\n    \"expected\": \"string\",\n    \"received\": \"undefined\",\n    \"path\": [\n      \"password\"\n    ],\n    \"message\": \"Required\"\n  }\n]"}}
{"timestamp":"2026-05-02T15:57:41.676Z","level":"info","message":"User registered successfully","meta":{"userId":"1","email":"test@example.com"}}
{"timestamp":"2026-05-02T15:57:41.735Z","level":"error","message":"Redis error:","meta":{"code":"ECONNREFUSED"}}
{"timestamp":"2026-05-02T15:57:41.770Z","level":"warn","message":"Registration attempt with existing email","meta":{"email":"existing@example.com"}}
{"timestamp":"2026-05-02T15:57:41.891Z","level":"info","message":"User logged in successfully","meta":{"email":"test@example.com"}}
{"timestamp":"2026-05-02T15:57:41.998Z","level":"error","message":"Redis error:","meta":{"code":"ECONNREFUSED"}}
{"timestamp":"2026-05-02T15:57:42.029Z","level":"warn","message":"Login attempt with non-existent email","meta":{"email":"wrong@example.com"}}
{"timestamp":"2026-05-02T15:57:49.088Z","level":"info","message":"Using MemStorage (In-memory storage)"}
{"timestamp":"2026-05-02T21:40:27.212Z","level":"info","message":"Using MemStorage (In-memory storage)"}
{"timestamp":"2026-05-02T21:40:31.641Z","level":"info","message":"WebSocket server initialized"}
{"timestamp":"2026-05-02T21:40:31.730Z","level":"error","message":"Redis error:","meta":{"code":"ECONNREFUSED"}}
{"timestamp":"2026-05-02T21:40:31.759Z","level":"info","message":"Server started on port 5000"}
{"timestamp":"2026-05-02T21:40:32.088Z","level":"error","message":"Redis error:","meta":{"code":"ECONNREFUSED"}}
{"timestamp":"2026-05-02T21:40:34.794Z","level":"error","message":"Redis error:","meta":{"code":"ECONNREFUSED"}}
{"timestamp":"2026-05-02T21:40:35.111Z","level":"error","message":"Redis error:","meta":{"code":"ECONNREFUSED"}}
{"timestamp":"2026-05-02T21:40:35.114Z","level":"warn","message":"Redis connection failed, falling back to in-memory cache"}
