{"timestamp":"2026-05-30T17:23:16.072Z","level":"info","message":"Using MemStorage (In-memory storage)"}
{"timestamp":"2026-05-30T17:23:16.384Z","level":"error","message":"Redis error:","meta":{"code":"ECONNREFUSED"}}
{"timestamp":"2026-05-30T17:23:16.404Z","level":"error","message":"Redis error:","meta":{"code":"ECONNREFUSED"}}
{"timestamp":"2026-05-30T17:23:16.860Z","level":"error","message":"Redis error:","meta":{"code":"ECONNREFUSED"}}
{"timestamp":"2026-05-30T17:23:16.988Z","level":"error","message":"Redis error:","meta":{"code":"ETIMEDOUT"}}
{"timestamp":"2026-05-30T17:23:17.207Z","level":"error","message":"Redis error:","meta":{"code":"ECONNREFUSED"}}
{"timestamp":"2026-05-30T17:23:17.401Z","level":"error","message":"Redis error:","meta":{"code":"ECONNREFUSED"}}
{"timestamp":"2026-05-30T17:23:17.525Z","level":"error","message":"Redis error:","meta":{"code":"ECONNREFUSED"}}
{"timestamp":"2026-05-30T17:23:17.526Z","level":"warn","message":"Redis connection failed, falling back to in-memory cache"}
{"timestamp":"2026-05-30T17:23:17.654Z","level":"info","message":"Using MemStorage (In-memory storage)"}
{"timestamp":"2026-05-30T17:23:17.783Z","level":"error","message":"Redis error:","meta":{"code":"ECONNREFUSED"}}
{"timestamp":"2026-05-30T17:23:17.784Z","level":"warn","message":"Redis connection failed, falling back to in-memory cache"}
{"timestamp":"2026-05-30T17:23:17.901Z","level":"error","message":"Redis error:","meta":{"code":"ECONNREFUSED"}}
{"timestamp":"2026-05-30T17:23:18.048Z","level":"error","message":"Registration error","meta":{"error":"[\n  {\n    \"code\": \"invalid_type\",\n    \"expected\": \"string\",\n    \"received\": \"undefined\",\n    \"path\": [\n      \"email\"\n    ],\n    \"message\": \"Required\"\n  },\n  {\n    \"code\": \"invalid_type\",\n    \"expected\": \"string\",\n    \"received\": \"undefined\",\n    \"path\": [\n      \"firstName\"\n    ],\n    \"message\": \"Required\"\n  },\n  {\n    \"code\": \"invalid_type\",\n    \"expected\": \"string\",\n    \"received\": \"undefined\",\n    \"path\": [\n      \"lastName\"\n    ],\n    \"message\": \"Required\"\n  },\n  {\n    \"code\": \"invalid_type\",\n    \"expected\": \"string\",\n    \"received\": \"undefined\",\n    \"path\": [\n      \"password\"\n    ],\n    \"message\": \"Required\"\n  }\n]"}}
{"timestamp":"2026-05-30T17:23:18.064Z","level":"info","message":"User registered successfully","meta":{"userId":"1","email":"test@example.com"}}
{"timestamp":"2026-05-30T17:23:18.070Z","level":"warn","message":"Registration attempt with existing email","meta":{"email":"existing@example.com"}}
{"timestamp":"2026-05-30T17:23:18.076Z","level":"info","message":"User logged in successfully","meta":{"email":"test@example.com"}}
{"timestamp":"2026-05-30T17:23:18.081Z","level":"warn","message":"Login attempt with non-existent email","meta":{"email":"wrong@example.com"}}
{"timestamp":"2026-05-30T17:23:18.120Z","level":"error","message":"Redis error:","meta":{"code":"ECONNREFUSED"}}
{"timestamp":"2026-05-30T17:23:18.350Z","level":"error","message":"Redis error:","meta":{"code":"ECONNREFUSED"}}
{"timestamp":"2026-05-30T17:23:18.663Z","level":"error","message":"Redis error:","meta":{"code":"ECONNREFUSED"}}
{"timestamp":"2026-05-30T17:23:18.665Z","level":"warn","message":"Redis connection failed, falling back to in-memory cache"}
{"timestamp":"2026-05-30T17:23:19.856Z","level":"error","message":"Redis error:","meta":{"code":"ECONNREFUSED"}}
{"timestamp":"2026-05-30T17:23:22.541Z","level":"error","message":"Redis error:","meta":{"code":"ECONNREFUSED"}}
{"timestamp":"2026-05-30T17:23:24.316Z","level":"info","message":"Using MemStorage (In-memory storage)"}
{"timestamp":"2026-05-30T17:24:19.635Z","level":"error","message":"Redis error:","meta":{"code":"ECONNREFUSED"}}
{"timestamp":"2026-05-30T17:24:20.183Z","level":"error","message":"Redis error:","meta":{"code":"ECONNREFUSED"}}
{"timestamp":"2026-05-30T17:24:20.404Z","level":"error","message":"Redis error:","meta":{"code":"ECONNREFUSED"}}
{"timestamp":"2026-05-30T17:24:20.690Z","level":"error","message":"Registration error","meta":{"error":"[\n  {\n    \"code\": \"invalid_type\",\n    \"expected\": \"string\",\n    \"received\": \"undefined\",\n    \"path\": [\n      \"email\"\n    ],\n    \"message\": \"Required\"\n  },\n  {\n    \"code\": \"invalid_type\",\n    \"expected\": \"string\",\n    \"received\": \"undefined\",\n    \"path\": [\n      \"firstName\"\n    ],\n    \"message\": \"Required\"\n  },\n  {\n    \"code\": \"invalid_type\",\n    \"expected\": \"string\",\n    \"received\": \"undefined\",\n    \"path\": [\n      \"lastName\"\n    ],\n    \"message\": \"Required\"\n  },\n  {\n    \"code\": \"invalid_type\",\n    \"expected\": \"string\",\n    \"received\": \"undefined\",\n    \"path\": [\n      \"password\"\n    ],\n    \"message\": \"Required\"\n  }\n]"}}
{"timestamp":"2026-05-30T17:24:20.704Z","level":"info","message":"User registered successfully","meta":{"userId":"1","email":"test@example.com"}}
{"timestamp":"2026-05-30T17:24:20.711Z","level":"warn","message":"Registration attempt with existing email","meta":{"email":"existing@example.com"}}
{"timestamp":"2026-05-30T17:24:20.716Z","level":"error","message":"Redis error:","meta":{"code":"ECONNREFUSED"}}
{"timestamp":"2026-05-30T17:24:20.716Z","level":"warn","message":"Redis connection failed, falling back to in-memory cache"}
{"timestamp":"2026-05-30T17:24:20.719Z","level":"info","message":"User logged in successfully","meta":{"email":"test@example.com"}}
{"timestamp":"2026-05-30T17:24:20.725Z","level":"warn","message":"Login attempt with non-existent email","meta":{"email":"wrong@example.com"}}
{"timestamp":"2026-05-30T17:24:37.261Z","level":"error","message":"Redis error:","meta":{"code":"ECONNREFUSED"}}
