{"timestamp":"2026-05-05T21:41:38.580Z","level":"info","message":"Using MemStorage (In-memory storage)"}
{"timestamp":"2026-05-05T21:41:38.584Z","level":"info","message":"Using MemStorage (In-memory storage)"}
{"timestamp":"2026-05-05T21:41:41.899Z","level":"error","message":"Registration error","meta":{"error":"[\n  {\n    \"code\": \"invalid_type\",\n    \"expected\": \"string\",\n    \"received\": \"undefined\",\n    \"path\": [\n      \"email\"\n    ],\n    \"message\": \"Required\"\n  },\n  {\n    \"code\": \"invalid_type\",\n    \"expected\": \"string\",\n    \"received\": \"undefined\",\n    \"path\": [\n      \"firstName\"\n    ],\n    \"message\": \"Required\"\n  },\n  {\n    \"code\": \"invalid_type\",\n    \"expected\": \"string\",\n    \"received\": \"undefined\",\n    \"path\": [\n      \"lastName\"\n    ],\n    \"message\": \"Required\"\n  },\n  {\n    \"code\": \"invalid_type\",\n    \"expected\": \"string\",\n    \"received\": \"undefined\",\n    \"path\": [\n      \"password\"\n    ],\n    \"message\": \"Required\"\n  }\n]"}}
{"timestamp":"2026-05-05T21:41:41.933Z","level":"info","message":"User registered successfully","meta":{"userId":"1","email":"test@example.com"}}
{"timestamp":"2026-05-05T21:41:41.955Z","level":"warn","message":"Registration attempt with existing email","meta":{"email":"existing@example.com"}}
{"timestamp":"2026-05-05T21:41:42.013Z","level":"info","message":"User logged in successfully","meta":{"email":"test@example.com"}}
{"timestamp":"2026-05-05T21:41:42.029Z","level":"warn","message":"Login attempt with non-existent email","meta":{"email":"wrong@example.com"}}
{"timestamp":"2026-05-05T21:41:44.673Z","level":"info","message":"Using MemStorage (In-memory storage)"}
{"timestamp":"2026-05-05T21:50:58.066Z","level":"info","message":"Using MemStorage (In-memory storage)"}
{"timestamp":"2026-05-05T21:50:58.123Z","level":"info","message":"Using MemStorage (In-memory storage)"}
{"timestamp":"2026-05-05T21:51:02.626Z","level":"error","message":"Registration error","meta":{"error":"[\n  {\n    \"code\": \"invalid_type\",\n    \"expected\": \"string\",\n    \"received\": \"undefined\",\n    \"path\": [\n      \"email\"\n    ],\n    \"message\": \"Required\"\n  },\n  {\n    \"code\": \"invalid_type\",\n    \"expected\": \"string\",\n    \"received\": \"undefined\",\n    \"path\": [\n      \"firstName\"\n    ],\n    \"message\": \"Required\"\n  },\n  {\n    \"code\": \"invalid_type\",\n    \"expected\": \"string\",\n    \"received\": \"undefined\",\n    \"path\": [\n      \"lastName\"\n    ],\n    \"message\": \"Required\"\n  },\n  {\n    \"code\": \"invalid_type\",\n    \"expected\": \"string\",\n    \"received\": \"undefined\",\n    \"path\": [\n      \"password\"\n    ],\n    \"message\": \"Required\"\n  }\n]"}}
{"timestamp":"2026-05-05T21:51:02.673Z","level":"info","message":"User registered successfully","meta":{"userId":"1","email":"test@example.com"}}
{"timestamp":"2026-05-05T21:51:02.695Z","level":"warn","message":"Registration attempt with existing email","meta":{"email":"existing@example.com"}}
{"timestamp":"2026-05-05T21:51:02.718Z","level":"info","message":"User logged in successfully","meta":{"email":"test@example.com"}}
{"timestamp":"2026-05-05T21:51:02.746Z","level":"warn","message":"Login attempt with non-existent email","meta":{"email":"wrong@example.com"}}
{"timestamp":"2026-05-05T21:51:02.806Z","level":"info","message":"Using MemStorage (In-memory storage)"}
{"timestamp":"2026-05-05T22:53:02.834Z","level":"info","message":"Using MemStorage (In-memory storage)"}
{"timestamp":"2026-05-05T22:53:02.856Z","level":"info","message":"Using MemStorage (In-memory storage)"}
{"timestamp":"2026-05-05T22:53:36.342Z","level":"error","message":"Registration error","meta":{"error":"[\n  {\n    \"code\": \"invalid_type\",\n    \"expected\": \"string\",\n    \"received\": \"undefined\",\n    \"path\": [\n      \"email\"\n    ],\n    \"message\": \"Required\"\n  },\n  {\n    \"code\": \"invalid_type\",\n    \"expected\": \"string\",\n    \"received\": \"undefined\",\n    \"path\": [\n      \"firstName\"\n    ],\n    \"message\": \"Required\"\n  },\n  {\n    \"code\": \"invalid_type\",\n    \"expected\": \"string\",\n    \"received\": \"undefined\",\n    \"path\": [\n      \"lastName\"\n    ],\n    \"message\": \"Required\"\n  },\n  {\n    \"code\": \"invalid_type\",\n    \"expected\": \"string\",\n    \"received\": \"undefined\",\n    \"path\": [\n      \"password\"\n    ],\n    \"message\": \"Required\"\n  }\n]"}}
{"timestamp":"2026-05-05T22:53:36.580Z","level":"info","message":"User registered successfully","meta":{"userId":"1","email":"test@example.com"}}
{"timestamp":"2026-05-05T22:53:36.655Z","level":"warn","message":"Registration attempt with existing email","meta":{"email":"existing@example.com"}}
{"timestamp":"2026-05-05T22:53:36.774Z","level":"info","message":"User logged in successfully","meta":{"email":"test@example.com"}}
{"timestamp":"2026-05-05T22:53:36.885Z","level":"warn","message":"Login attempt with non-existent email","meta":{"email":"wrong@example.com"}}
{"timestamp":"2026-05-05T22:53:42.935Z","level":"info","message":"Using MemStorage (In-memory storage)"}
{"timestamp":"2026-05-05T23:02:37.568Z","level":"info","message":"Using MemStorage (In-memory storage)"}
{"timestamp":"2026-05-05T23:02:37.573Z","level":"info","message":"Using MemStorage (In-memory storage)"}
{"timestamp":"2026-05-05T23:02:39.262Z","level":"error","message":"Registration error","meta":{"error":"[\n  {\n    \"code\": \"invalid_type\",\n    \"expected\": \"string\",\n    \"received\": \"undefined\",\n    \"path\": [\n      \"email\"\n    ],\n    \"message\": \"Required\"\n  },\n  {\n    \"code\": \"invalid_type\",\n    \"expected\": \"string\",\n    \"received\": \"undefined\",\n    \"path\": [\n      \"firstName\"\n    ],\n    \"message\": \"Required\"\n  },\n  {\n    \"code\": \"invalid_type\",\n    \"expected\": \"string\",\n    \"received\": \"undefined\",\n    \"path\": [\n      \"lastName\"\n    ],\n    \"message\": \"Required\"\n  },\n  {\n    \"code\": \"invalid_type\",\n    \"expected\": \"string\",\n    \"received\": \"undefined\",\n    \"path\": [\n      \"password\"\n    ],\n    \"message\": \"Required\"\n  }\n]"}}
{"timestamp":"2026-05-05T23:02:39.301Z","level":"info","message":"User registered successfully","meta":{"userId":"1","email":"test@example.com"}}
{"timestamp":"2026-05-05T23:02:39.315Z","level":"warn","message":"Registration attempt with existing email","meta":{"email":"existing@example.com"}}
{"timestamp":"2026-05-05T23:02:39.338Z","level":"info","message":"User logged in successfully","meta":{"email":"test@example.com"}}
{"timestamp":"2026-05-05T23:02:39.352Z","level":"warn","message":"Login attempt with non-existent email","meta":{"email":"wrong@example.com"}}
{"timestamp":"2026-05-05T23:02:40.847Z","level":"info","message":"Using MemStorage (In-memory storage)"}
{"timestamp":"2026-05-05T23:19:32.515Z","level":"info","message":"Using MemStorage (In-memory storage)"}
{"timestamp":"2026-05-05T23:19:32.537Z","level":"info","message":"Using MemStorage (In-memory storage)"}
{"timestamp":"2026-05-05T23:19:35.321Z","level":"error","message":"Registration error","meta":{"error":"[\n  {\n    \"code\": \"invalid_type\",\n    \"expected\": \"string\",\n    \"received\": \"undefined\",\n    \"path\": [\n      \"email\"\n    ],\n    \"message\": \"Required\"\n  },\n  {\n    \"code\": \"invalid_type\",\n    \"expected\": \"string\",\n    \"received\": \"undefined\",\n    \"path\": [\n      \"firstName\"\n    ],\n    \"message\": \"Required\"\n  },\n  {\n    \"code\": \"invalid_type\",\n    \"expected\": \"string\",\n    \"received\": \"undefined\",\n    \"path\": [\n      \"lastName\"\n    ],\n    \"message\": \"Required\"\n  },\n  {\n    \"code\": \"invalid_type\",\n    \"expected\": \"string\",\n    \"received\": \"undefined\",\n    \"path\": [\n      \"password\"\n    ],\n    \"message\": \"Required\"\n  }\n]"}}
{"timestamp":"2026-05-05T23:19:35.366Z","level":"info","message":"User registered successfully","meta":{"userId":"1","email":"test@example.com"}}
{"timestamp":"2026-05-05T23:19:35.383Z","level":"warn","message":"Registration attempt with existing email","meta":{"email":"existing@example.com"}}
{"timestamp":"2026-05-05T23:19:35.408Z","level":"info","message":"User logged in successfully","meta":{"email":"test@example.com"}}
{"timestamp":"2026-05-05T23:19:35.423Z","level":"warn","message":"Login attempt with non-existent email","meta":{"email":"wrong@example.com"}}
{"timestamp":"2026-05-05T23:19:36.894Z","level":"info","message":"Using MemStorage (In-memory storage)"}
{"timestamp":"2026-05-05T23:24:06.759Z","level":"info","message":"Using MemStorage (In-memory storage)"}
{"timestamp":"2026-05-05T23:24:06.902Z","level":"info","message":"Using MemStorage (In-memory storage)"}
{"timestamp":"2026-05-05T23:24:09.770Z","level":"error","message":"Registration error","meta":{"error":"[\n  {\n    \"code\": \"invalid_type\",\n    \"expected\": \"string\",\n    \"received\": \"undefined\",\n    \"path\": [\n      \"email\"\n    ],\n    \"message\": \"Required\"\n  },\n  {\n    \"code\": \"invalid_type\",\n    \"expected\": \"string\",\n    \"received\": \"undefined\",\n    \"path\": [\n      \"firstName\"\n    ],\n    \"message\": \"Required\"\n  },\n  {\n    \"code\": \"invalid_type\",\n    \"expected\": \"string\",\n    \"received\": \"undefined\",\n    \"path\": [\n      \"lastName\"\n    ],\n    \"message\": \"Required\"\n  },\n  {\n    \"code\": \"invalid_type\",\n    \"expected\": \"string\",\n    \"received\": \"undefined\",\n    \"path\": [\n      \"password\"\n    ],\n    \"message\": \"Required\"\n  }\n]"}}
{"timestamp":"2026-05-05T23:24:09.840Z","level":"info","message":"User registered successfully","meta":{"userId":"1","email":"test@example.com"}}
{"timestamp":"2026-05-05T23:24:09.862Z","level":"warn","message":"Registration attempt with existing email","meta":{"email":"existing@example.com"}}
{"timestamp":"2026-05-05T23:24:09.886Z","level":"info","message":"User logged in successfully","meta":{"email":"test@example.com"}}
{"timestamp":"2026-05-05T23:24:09.915Z","level":"warn","message":"Login attempt with non-existent email","meta":{"email":"wrong@example.com"}}
{"timestamp":"2026-05-05T23:24:13.174Z","level":"info","message":"Using MemStorage (In-memory storage)"}
