{"timestamp":"2026-05-07T02:00:28.693Z","level":"info","message":"Using MemStorage (In-memory storage)"}
{"timestamp":"2026-05-07T02:00:32.176Z","level":"error","message":"Registration error","meta":{"error":"[\n  {\n    \"code\": \"invalid_type\",\n    \"expected\": \"string\",\n    \"received\": \"undefined\",\n    \"path\": [\n      \"email\"\n    ],\n    \"message\": \"Required\"\n  },\n  {\n    \"code\": \"invalid_type\",\n    \"expected\": \"string\",\n    \"received\": \"undefined\",\n    \"path\": [\n      \"firstName\"\n    ],\n    \"message\": \"Required\"\n  },\n  {\n    \"code\": \"invalid_type\",\n    \"expected\": \"string\",\n    \"received\": \"undefined\",\n    \"path\": [\n      \"lastName\"\n    ],\n    \"message\": \"Required\"\n  },\n  {\n    \"code\": \"invalid_type\",\n    \"expected\": \"string\",\n    \"received\": \"undefined\",\n    \"path\": [\n      \"password\"\n    ],\n    \"message\": \"Required\"\n  }\n]"}}
{"timestamp":"2026-05-07T02:00:32.202Z","level":"info","message":"User registered successfully","meta":{"userId":"1","email":"test@example.com"}}
{"timestamp":"2026-05-07T02:00:32.209Z","level":"warn","message":"Registration attempt with existing email","meta":{"email":"existing@example.com"}}
{"timestamp":"2026-05-07T02:00:32.217Z","level":"info","message":"User logged in successfully","meta":{"email":"test@example.com"}}
{"timestamp":"2026-05-07T02:00:32.225Z","level":"warn","message":"Login attempt with non-existent email","meta":{"email":"wrong@example.com"}}
{"timestamp":"2026-05-07T02:00:32.399Z","level":"info","message":"Using MemStorage (In-memory storage)"}
{"timestamp":"2026-05-07T02:00:34.680Z","level":"info","message":"Using MemStorage (In-memory storage)"}
{"timestamp":"2026-05-07T02:01:27.491Z","level":"info","message":"Using MemStorage (In-memory storage)"}
{"timestamp":"2026-05-07T02:01:28.238Z","level":"info","message":"WebSocket server initialized"}
{"timestamp":"2026-05-07T02:01:28.307Z","level":"info","message":"Server started on port 5000"}
{"timestamp":"2026-05-07T02:02:09.757Z","level":"info","message":"Using MemStorage (In-memory storage)"}
{"timestamp":"2026-05-07T02:02:10.680Z","level":"info","message":"WebSocket server initialized"}
{"timestamp":"2026-05-07T02:02:10.741Z","level":"info","message":"Server started on port 5000"}
{"timestamp":"2026-05-07T02:17:51.871Z","level":"info","message":"Using MemStorage (In-memory storage)"}
{"timestamp":"2026-05-07T02:17:51.882Z","level":"info","message":"Using MemStorage (In-memory storage)"}
{"timestamp":"2026-05-07T02:17:53.512Z","level":"error","message":"Registration error","meta":{"error":"[\n  {\n    \"code\": \"invalid_type\",\n    \"expected\": \"string\",\n    \"received\": \"undefined\",\n    \"path\": [\n      \"email\"\n    ],\n    \"message\": \"Required\"\n  },\n  {\n    \"code\": \"invalid_type\",\n    \"expected\": \"string\",\n    \"received\": \"undefined\",\n    \"path\": [\n      \"firstName\"\n    ],\n    \"message\": \"Required\"\n  },\n  {\n    \"code\": \"invalid_type\",\n    \"expected\": \"string\",\n    \"received\": \"undefined\",\n    \"path\": [\n      \"lastName\"\n    ],\n    \"message\": \"Required\"\n  },\n  {\n    \"code\": \"invalid_type\",\n    \"expected\": \"string\",\n    \"received\": \"undefined\",\n    \"path\": [\n      \"password\"\n    ],\n    \"message\": \"Required\"\n  }\n]"}}
{"timestamp":"2026-05-07T02:17:53.528Z","level":"info","message":"User registered successfully","meta":{"userId":"1","email":"test@example.com"}}
{"timestamp":"2026-05-07T02:17:53.534Z","level":"warn","message":"Registration attempt with existing email","meta":{"email":"existing@example.com"}}
{"timestamp":"2026-05-07T02:17:53.541Z","level":"info","message":"User logged in successfully","meta":{"email":"test@example.com"}}
{"timestamp":"2026-05-07T02:17:53.547Z","level":"warn","message":"Login attempt with non-existent email","meta":{"email":"wrong@example.com"}}
{"timestamp":"2026-05-07T02:18:00.618Z","level":"info","message":"Using MemStorage (In-memory storage)"}
